<?xml version="1.0" encoding="UTF-8"?>
<!-- Generated by org.testng.reporters.JUnitXMLReporter -->
<testsuite hostname="W1862432" name="IE_12_2_e_test" tests="4" failures="0" timestamp="3 Feb 2020 10:15:57 GMT" time="198.032" errors="0">
  <testcase name="openHIUIHomePage" time="2.68" classname="tests.ie.BIEnvironmentCheckout"/>
  <testcase name="logInToHIUIHomePage" time="15.092" classname="tests.ie.BIEnvironmentCheckout"/>
  <testcase name="clickOnAppsForAnalyticsLibrary" time="66.551" classname="tests.ie.BIEnvironmentCheckout"/>
  <testcase name="logOutFromHIUIHomePage" time="66.077" classname="tests.ie.BIEnvironmentCheckout"/>
</testsuite> <!-- IE_12_2_e_test -->
